[debug] [2026-04-28T15:55:02.187Z] ----------------------------------------------------------------------
[debug] [2026-04-28T15:55:02.199Z] Command:       C:\Program Files\nodejs\node.exe C:\Users\champ\AppData\Roaming\npm\node_modules\firebase-tools\lib\bin\firebase.js init emulators
[debug] [2026-04-28T15:55:02.200Z] CLI Version:   15.15.0
[debug] [2026-04-28T15:55:02.201Z] Platform:      win32
[debug] [2026-04-28T15:55:02.201Z] Node Version:  v25.2.1
[debug] [2026-04-28T15:55:02.202Z] Time:          Tue Apr 28 2026 17:55:02 GMT+0200 (South Africa Standard Time)
[debug] [2026-04-28T15:55:02.203Z] ----------------------------------------------------------------------
[debug] 
[debug] [2026-04-28T15:55:02.211Z] >>> [apiv2][query] GET https://firebase-public.firebaseio.com/cli.json [none]
[info] 
     ######## #### ########  ######## ########     ###     ######  ########
     ##        ##  ##     ## ##       ##     ##  ##   ##  ##       ##
     ######    ##  ########  ######   ########  #########  ######  ######
     ##        ##  ##    ##  ##       ##     ## ##     ##       ## ##
     ##       #### ##     ## ######## ########  ##     ##  ######  ########

You're about to initialize a Firebase project in this directory:

  C:\RepoCraft\app-for-good

Before we get started, keep in mind:

  * You are currently outside your home directory

[debug] [2026-04-28T15:55:12.610Z] <<< [apiv2][status] GET https://firebase-public.firebaseio.com/cli.json 200
[debug] [2026-04-28T15:55:12.611Z] <<< [apiv2][body] GET https://firebase-public.firebaseio.com/cli.json {"cloudBuildErrorAfter":1594252800000,"cloudBuildWarnAfter":1590019200000,"defaultNode10After":1594252800000,"minVersion":"3.0.5","node8DeploysDisabledAfter":1613390400000,"node8RuntimeDisabledAfter":1615809600000,"node8WarnAfter":1600128000000}
[info] 
=== Project Setup
[info] 
[info] First, let's associate this project directory with a Firebase project.
[info] You can create multiple project aliases by running firebase use --add, 
[info] 
[info] i  If you want to create a project in a Google Cloud organization or folder, please use "firebase projects:create" instead, and return to this command when you've created the project. 
[debug] [2026-04-28T15:58:25.735Z] > command requires scopes: ["email","openid","https://www.googleapis.com/auth/cloudplatformprojects.readonly","https://www.googleapis.com/auth/firebase","https://www.googleapis.com/auth/cloud-platform"]
[debug] [2026-04-28T15:58:25.736Z] > authorizing via signed-in user (champitconsulting@gmail.com)
[debug] [2026-04-28T16:03:52.563Z] Checked if tokens are valid: false, expires at: 1774760277442
[debug] [2026-04-28T16:03:52.564Z] Checked if tokens are valid: false, expires at: 1774760277442
[debug] [2026-04-28T16:03:52.565Z] > refreshing access token with scopes: []
[debug] [2026-04-28T16:03:52.569Z] >>> [apiv2][query] POST https://www.googleapis.com/oauth2/v3/token [none]
[debug] [2026-04-28T16:03:52.570Z] >>> [apiv2][body] POST https://www.googleapis.com/oauth2/v3/token [omitted]
[debug] [2026-04-28T16:03:53.609Z] <<< [apiv2][status] POST https://www.googleapis.com/oauth2/v3/token 200
[debug] [2026-04-28T16:03:53.610Z] <<< [apiv2][body] POST https://www.googleapis.com/oauth2/v3/token [omitted]
[debug] [2026-04-28T16:03:53.649Z] >>> [apiv2][query] POST https://firebase.googleapis.com/v1/projects:checkProjectId [none]
[debug] [2026-04-28T16:03:53.650Z] >>> [apiv2][body] POST https://firebase.googleapis.com/v1/projects:checkProjectId {"proposedId":"app-for-good-dd541"}
[debug] [2026-04-28T16:03:54.366Z] <<< [apiv2][status] POST https://firebase.googleapis.com/v1/projects:checkProjectId 200
[debug] [2026-04-28T16:03:54.366Z] <<< [apiv2][body] POST https://firebase.googleapis.com/v1/projects:checkProjectId {"projectIdStatus":"PROJECT_ID_UNAVAILABLE","suggestedProjectId":"app-for-good-dd541-c9b0a"}
[debug] [2026-04-28T16:05:47.643Z] ExitPromptError: User force closed the prompt with SIGINT
    at Interface.sigint (C:\Users\champ\AppData\Roaming\npm\node_modules\firebase-tools\node_modules\@inquirer\core\dist\commonjs\lib\create-prompt.js:101:37)
    at Interface.emit (node:events:508:28)
    at [_ttyWrite] [as _ttyWrite] (node:internal/readline/interface:1327:18)
    at ReadStream.onkeypress (node:internal/readline/interface:284:20)
    at ReadStream.emit (node:events:520:35)
    at emitKeys (node:internal/readline/utils:371:14)
    at emitKeys.next (<anonymous>)
    at ReadStream.onData (node:internal/readline/emitKeypressEvents:64:36)
    at ReadStream.emit (node:events:508:28)
    at addChunk (node:internal/streams/readable:559:12)
[error] 
[error] Error: An unexpected error has occurred.
[debug] [2026-04-28T16:05:59.160Z] ----------------------------------------------------------------------
[debug] [2026-04-28T16:05:59.173Z] Command:       C:\Program Files\nodejs\node.exe C:\Users\champ\AppData\Roaming\npm\node_modules\firebase-tools\lib\bin\firebase.js init emulators
[debug] [2026-04-28T16:05:59.174Z] CLI Version:   15.15.0
[debug] [2026-04-28T16:05:59.175Z] Platform:      win32
[debug] [2026-04-28T16:05:59.175Z] Node Version:  v25.2.1
[debug] [2026-04-28T16:05:59.176Z] Time:          Tue Apr 28 2026 18:05:59 GMT+0200 (South Africa Standard Time)
[debug] [2026-04-28T16:05:59.176Z] ----------------------------------------------------------------------
[debug] 
[info] 
     ######## #### ########  ######## ########     ###     ######  ########
     ##        ##  ##     ## ##       ##     ##  ##   ##  ##       ##
     ######    ##  ########  ######   ########  #########  ######  ######
     ##        ##  ##    ##  ##       ##     ## ##     ##       ## ##
     ##       #### ##     ## ######## ########  ##     ##  ######  ########

You're about to initialize a Firebase project in this directory:

  C:\RepoCraft\app-for-good

Before we get started, keep in mind:

  * You are currently outside your home directory

[info] 
=== Project Setup
[info] 
[info] First, let's associate this project directory with a Firebase project.
[info] You can create multiple project aliases by running firebase use --add, 
[info] 
[debug] [2026-04-28T16:06:21.960Z] > command requires scopes: ["email","openid","https://www.googleapis.com/auth/cloudplatformprojects.readonly","https://www.googleapis.com/auth/firebase","https://www.googleapis.com/auth/cloud-platform"]
[debug] [2026-04-28T16:06:21.962Z] > authorizing via signed-in user (champitconsulting@gmail.com)
[debug] [2026-04-28T16:06:21.967Z] Checked if tokens are valid: true, expires at: 1777395832611
[debug] [2026-04-28T16:06:21.968Z] Checked if tokens are valid: true, expires at: 1777395832611
[debug] [2026-04-28T16:06:21.973Z] >>> [apiv2][query] GET https://firebase.googleapis.com/v1beta1/projects pageSize=100
[debug] [2026-04-28T16:06:23.311Z] <<< [apiv2][status] GET https://firebase.googleapis.com/v1beta1/projects 200
[debug] [2026-04-28T16:06:23.312Z] <<< [apiv2][body] GET https://firebase.googleapis.com/v1beta1/projects [omitted]
[info] 
=== Emulators Setup
[info] i  apphosting: Initializing Emulator {"metadata":{"emulator":{"name":"apphosting"},"message":"Initializing Emulator"}}
[info] i  firestore: downloading cloud-firestore-emulator-v1.20.4.jar... {"metadata":{"emulator":{"name":"firestore"},"message":"downloading cloud-firestore-emulator-v1.20.4.jar..."}}
[debug] [2026-04-28T16:16:40.094Z] >>> [apiv2][query] GET https://storage.googleapis.com/firebase-preview-drop/emulator/cloud-firestore-emulator-v1.20.4.jar 
[debug] [2026-04-28T16:16:40.716Z] <<< [apiv2][status] GET https://storage.googleapis.com/firebase-preview-drop/emulator/cloud-firestore-emulator-v1.20.4.jar 200
[debug] [2026-04-28T16:16:40.717Z] <<< [apiv2][body] GET https://storage.googleapis.com/firebase-preview-drop/emulator/cloud-firestore-emulator-v1.20.4.jar [stream]
[info] i  database: downloading firebase-database-emulator-v4.11.2.jar... {"metadata":{"emulator":{"name":"database"},"message":"downloading firebase-database-emulator-v4.11.2.jar..."}}
[debug] [2026-04-28T16:22:28.692Z] >>> [apiv2][query] GET https://storage.googleapis.com/firebase-preview-drop/emulator/firebase-database-emulator-v4.11.2.jar 
[debug] [2026-04-28T16:22:29.145Z] <<< [apiv2][status] GET https://storage.googleapis.com/firebase-preview-drop/emulator/firebase-database-emulator-v4.11.2.jar 200
[debug] [2026-04-28T16:22:29.146Z] <<< [apiv2][body] GET https://storage.googleapis.com/firebase-preview-drop/emulator/firebase-database-emulator-v4.11.2.jar [stream]
[info] i  pubsub: downloading pubsub-emulator-0.8.30.zip... {"metadata":{"emulator":{"name":"pubsub"},"message":"downloading pubsub-emulator-0.8.30.zip..."}}
[debug] [2026-04-28T16:24:06.412Z] >>> [apiv2][query] GET https://storage.googleapis.com/firebase-preview-drop/emulator/pubsub-emulator-0.8.30.zip 
[debug] [2026-04-28T16:24:06.864Z] <<< [apiv2][status] GET https://storage.googleapis.com/firebase-preview-drop/emulator/pubsub-emulator-0.8.30.zip 200
[debug] [2026-04-28T16:24:06.864Z] <<< [apiv2][body] GET https://storage.googleapis.com/firebase-preview-drop/emulator/pubsub-emulator-0.8.30.zip [stream]
[debug] [2026-04-28T16:26:02.209Z] Data is 52917173
[debug] [2026-04-28T16:26:02.213Z] [unzip] Entry: pubsub-emulator/ (compressed_size=0 bytes, uncompressed_size=0 bytes)
[debug] [2026-04-28T16:26:02.213Z] [unzip] Processing entry: pubsub-emulator\
[debug] [2026-04-28T16:26:02.214Z] [unzip] mkdir: C:\Users\champ\.cache\firebase\emulators\pubsub-emulator-0.8.30\pubsub-emulator\
[debug] [2026-04-28T16:26:02.218Z] [unzip] Entry: pubsub-emulator/bin/ (compressed_size=0 bytes, uncompressed_size=0 bytes)
[debug] [2026-04-28T16:26:02.218Z] [unzip] Processing entry: pubsub-emulator\bin\
[debug] [2026-04-28T16:26:02.218Z] [unzip] mkdir: C:\Users\champ\.cache\firebase\emulators\pubsub-emulator-0.8.30\pubsub-emulator\bin\
[debug] [2026-04-28T16:26:02.220Z] [unzip] Entry: pubsub-emulator/bin/cloud-pubsub-emulator (compressed_size=2284 bytes, uncompressed_size=5728 bytes)
[debug] [2026-04-28T16:26:02.221Z] [unzip] Processing entry: pubsub-emulator\bin\cloud-pubsub-emulator
[debug] [2026-04-28T16:26:02.221Z] [unzip] else mkdir: C:\Users\champ\.cache\firebase\emulators\pubsub-emulator-0.8.30\pubsub-emulator\bin
[debug] [2026-04-28T16:26:02.222Z] [unzip] deflating: C:\Users\champ\.cache\firebase\emulators\pubsub-emulator-0.8.30\pubsub-emulator\bin\cloud-pubsub-emulator
[debug] [2026-04-28T16:26:02.250Z] [unzip] Entry: pubsub-emulator/bin/cloud-pubsub-emulator.bat (compressed_size=889 bytes, uncompressed_size=2276 bytes)
[debug] [2026-04-28T16:26:02.250Z] [unzip] Processing entry: pubsub-emulator\bin\cloud-pubsub-emulator.bat
[debug] [2026-04-28T16:26:02.251Z] [unzip] else mkdir: C:\Users\champ\.cache\firebase\emulators\pubsub-emulator-0.8.30\pubsub-emulator\bin
[debug] [2026-04-28T16:26:02.252Z] [unzip] deflating: C:\Users\champ\.cache\firebase\emulators\pubsub-emulator-0.8.30\pubsub-emulator\bin\cloud-pubsub-emulator.bat
[debug] [2026-04-28T16:26:02.256Z] [unzip] Entry: pubsub-emulator/lib/ (compressed_size=0 bytes, uncompressed_size=0 bytes)
[debug] [2026-04-28T16:26:02.257Z] [unzip] Processing entry: pubsub-emulator\lib\
[debug] [2026-04-28T16:26:02.257Z] [unzip] mkdir: C:\Users\champ\.cache\firebase\emulators\pubsub-emulator-0.8.30\pubsub-emulator\lib\
[debug] [2026-04-28T16:26:02.259Z] [unzip] Entry: pubsub-emulator/lib/cloud-pubsub-emulator-0.8.30-all.jar (compressed_size=52912814 bytes, uncompressed_size=57001116 bytes)
[debug] [2026-04-28T16:26:02.260Z] [unzip] Processing entry: pubsub-emulator\lib\cloud-pubsub-emulator-0.8.30-all.jar
[debug] [2026-04-28T16:26:02.260Z] [unzip] else mkdir: C:\Users\champ\.cache\firebase\emulators\pubsub-emulator-0.8.30\pubsub-emulator\lib
[debug] [2026-04-28T16:26:02.262Z] [unzip] deflating: C:\Users\champ\.cache\firebase\emulators\pubsub-emulator-0.8.30\pubsub-emulator\lib\cloud-pubsub-emulator-0.8.30-all.jar
[info] i  storage: downloading cloud-storage-rules-runtime-v1.1.3.jar... {"metadata":{"emulator":{"name":"storage"},"message":"downloading cloud-storage-rules-runtime-v1.1.3.jar..."}}
[debug] [2026-04-28T16:26:04.539Z] >>> [apiv2][query] GET https://storage.googleapis.com/firebase-preview-drop/emulator/cloud-storage-rules-runtime-v1.1.3.jar 
[debug] [2026-04-28T16:26:04.932Z] <<< [apiv2][status] GET https://storage.googleapis.com/firebase-preview-drop/emulator/cloud-storage-rules-runtime-v1.1.3.jar 200
[debug] [2026-04-28T16:26:04.933Z] <<< [apiv2][body] GET https://storage.googleapis.com/firebase-preview-drop/emulator/cloud-storage-rules-runtime-v1.1.3.jar [stream]
[info] i  dataconnect: downloading dataconnect-emulator-3.4.5.exe... {"metadata":{"emulator":{"name":"dataconnect"},"message":"downloading dataconnect-emulator-3.4.5.exe..."}}
[debug] [2026-04-28T16:28:19.219Z] >>> [apiv2][query] GET https://storage.googleapis.com/firemat-preview-drop/emulator/dataconnect-emulator-windows-amd64-v3.4.5 
[debug] [2026-04-28T16:28:19.616Z] <<< [apiv2][status] GET https://storage.googleapis.com/firemat-preview-drop/emulator/dataconnect-emulator-windows-amd64-v3.4.5 200
[debug] [2026-04-28T16:28:19.617Z] <<< [apiv2][body] GET https://storage.googleapis.com/firemat-preview-drop/emulator/dataconnect-emulator-windows-amd64-v3.4.5 [stream]
[info] i  ui: downloading ui-v1.15.0.zip... {"metadata":{"emulator":{"name":"ui"},"message":"downloading ui-v1.15.0.zip..."}}
[debug] [2026-04-28T16:29:11.041Z] >>> [apiv2][query] GET https://storage.googleapis.com/firebase-preview-drop/emulator/ui-v1.15.0.zip 
[info] 
=== Agent Skills Setup
[info] If you are using an AI coding agent, Firebase Agent Skills make it an expert at Firebase.
[debug] [2026-04-28T16:29:11.468Z] <<< [apiv2][status] GET https://storage.googleapis.com/firebase-preview-drop/emulator/ui-v1.15.0.zip 200
[debug] [2026-04-28T16:29:11.468Z] <<< [apiv2][body] GET https://storage.googleapis.com/firebase-preview-drop/emulator/ui-v1.15.0.zip [stream]
[debug] [2026-04-28T16:29:19.225Z] Data is 3538469
[debug] [2026-04-28T16:29:19.226Z] [unzip] Entry: client/ (compressed_size=0 bytes, uncompressed_size=0 bytes)
[debug] [2026-04-28T16:29:19.226Z] [unzip] Processing entry: client\
[debug] [2026-04-28T16:29:19.227Z] [unzip] mkdir: C:\Users\champ\.cache\firebase\emulators\ui-v1.15.0\client\
[debug] [2026-04-28T16:29:19.351Z] [unzip] Entry: client/favicon-16x16.png (compressed_size=293 bytes, uncompressed_size=293 bytes)
[debug] [2026-04-28T16:29:19.352Z] [unzip] Processing entry: client\favicon-16x16.png
[debug] [2026-04-28T16:29:19.352Z] [unzip] else mkdir: C:\Users\champ\.cache\firebase\emulators\ui-v1.15.0\client
[debug] [2026-04-28T16:29:19.353Z] [unzip] Writing file: C:\Users\champ\.cache\firebase\emulators\ui-v1.15.0\client\favicon-16x16.png
[debug] [2026-04-28T16:29:19.359Z] [unzip] Entry: client/safari-pinned-tab.svg (compressed_size=1433 bytes, uncompressed_size=2611 bytes)
[debug] [2026-04-28T16:29:19.359Z] [unzip] Processing entry: client\safari-pinned-tab.svg
[debug] [2026-04-28T16:29:19.359Z] [unzip] else mkdir: C:\Users\champ\.cache\firebase\emulators\ui-v1.15.0\client
[debug] [2026-04-28T16:29:19.361Z] [unzip] deflating: C:\Users\champ\.cache\firebase\emulators\ui-v1.15.0\client\safari-pinned-tab.svg
[debug] [2026-04-28T16:29:19.371Z] [unzip] Entry: client/favicon.ico (compressed_size=2933 bytes, uncompressed_size=13294 bytes)
[debug] [2026-04-28T16:29:19.372Z] [unzip] Processing entry: client\favicon.ico
[debug] [2026-04-28T16:29:19.372Z] [unzip] else mkdir: C:\Users\champ\.cache\firebase\emulators\ui-v1.15.0\client
[debug] [2026-04-28T16:29:19.373Z] [unzip] deflating: C:\Users\champ\.cache\firebase\emulators\ui-v1.15.0\client\favicon.ico
[debug] [2026-04-28T16:29:19.377Z] [unzip] Entry: client/index.html (compressed_size=1364 bytes, uncompressed_size=3071 bytes)
[debug] [2026-04-28T16:29:19.378Z] [unzip] Processing entry: client\index.html
[debug] [2026-04-28T16:29:19.378Z] [unzip] else mkdir: C:\Users\champ\.cache\firebase\emulators\ui-v1.15.0\client
[debug] [2026-04-28T16:29:19.379Z] [unzip] deflating: C:\Users\champ\.cache\firebase\emulators\ui-v1.15.0\client\index.html
[debug] [2026-04-28T16:29:19.385Z] [unzip] Entry: client/android-chrome-192x192.png (compressed_size=2684 bytes, uncompressed_size=2684 bytes)
[debug] [2026-04-28T16:29:19.386Z] [unzip] Processing entry: client\android-chrome-192x192.png
[debug] [2026-04-28T16:29:19.386Z] [unzip] else mkdir: C:\Users\champ\.cache\firebase\emulators\ui-v1.15.0\client
[debug] [2026-04-28T16:29:19.387Z] [unzip] Writing file: C:\Users\champ\.cache\firebase\emulators\ui-v1.15.0\client\android-chrome-192x192.png
[debug] [2026-04-28T16:29:19.391Z] [unzip] Entry: client/apple-touch-icon.png (compressed_size=2123 bytes, uncompressed_size=2152 bytes)
[debug] [2026-04-28T16:29:19.391Z] [unzip] Processing entry: client\apple-touch-icon.png
[debug] [2026-04-28T16:29:19.391Z] [unzip] else mkdir: C:\Users\champ\.cache\firebase\emulators\ui-v1.15.0\client
[debug] [2026-04-28T16:29:19.393Z] [unzip] deflating: C:\Users\champ\.cache\firebase\emulators\ui-v1.15.0\client\apple-touch-icon.png
[debug] [2026-04-28T16:29:19.396Z] [unzip] Entry: client/android-chrome-512x512.png (compressed_size=5369 bytes, uncompressed_size=5411 bytes)
[debug] [2026-04-28T16:29:19.397Z] [unzip] Processing entry: client\android-chrome-512x512.png
[debug] [2026-04-28T16:29:19.397Z] [unzip] else mkdir: C:\Users\champ\.cache\firebase\emulators\ui-v1.15.0\client
[debug] [2026-04-28T16:29:19.399Z] [unzip] deflating: C:\Users\champ\.cache\firebase\emulators\ui-v1.15.0\client\android-chrome-512x512.png
[debug] [2026-04-28T16:29:19.404Z] [unzip] Entry: client/manifest.json (compressed_size=245 bytes, uncompressed_size=551 bytes)
[debug] [2026-04-28T16:29:19.405Z] [unzip] Processing entry: client\manifest.json
[debug] [2026-04-28T16:29:19.405Z] [unzip] else mkdir: C:\Users\champ\.cache\firebase\emulators\ui-v1.15.0\client
[debug] [2026-04-28T16:29:19.406Z] [unzip] deflating: C:\Users\champ\.cache\firebase\emulators\ui-v1.15.0\client\manifest.json
[debug] [2026-04-28T16:29:19.412Z] [unzip] Entry: client/robots.txt (compressed_size=26 bytes, uncompressed_size=26 bytes)
[debug] [2026-04-28T16:29:19.412Z] [unzip] Processing entry: client\robots.txt
[debug] [2026-04-28T16:29:19.413Z] [unzip] else mkdir: C:\Users\champ\.cache\firebase\emulators\ui-v1.15.0\client
[debug] [2026-04-28T16:29:19.414Z] [unzip] Writing file: C:\Users\champ\.cache\firebase\emulators\ui-v1.15.0\client\robots.txt
[debug] [2026-04-28T16:29:19.417Z] [unzip] Entry: client/mstile-150x150.png (compressed_size=2034 bytes, uncompressed_size=2034 bytes)
[debug] [2026-04-28T16:29:19.418Z] [unzip] Processing entry: client\mstile-150x150.png
[debug] [2026-04-28T16:29:19.418Z] [unzip] else mkdir: C:\Users\champ\.cache\firebase\emulators\ui-v1.15.0\client
[debug] [2026-04-28T16:29:19.420Z] [unzip] Writing file: C:\Users\champ\.cache\firebase\emulators\ui-v1.15.0\client\mstile-150x150.png
[debug] [2026-04-28T16:29:19.422Z] [unzip] Entry: client/assets/ (compressed_size=0 bytes, uncompressed_size=0 bytes)
[debug] [2026-04-28T16:29:19.423Z] [unzip] Processing entry: client\assets\
[debug] [2026-04-28T16:29:19.423Z] [unzip] mkdir: C:\Users\champ\.cache\firebase\emulators\ui-v1.15.0\client\assets\
[debug] [2026-04-28T16:29:19.424Z] [unzip] Entry: client/assets/index-BX-A56oj.js (compressed_size=582089 bytes, uncompressed_size=2092775 bytes)
[debug] [2026-04-28T16:29:19.425Z] [unzip] Processing entry: client\assets\index-BX-A56oj.js
[debug] [2026-04-28T16:29:19.425Z] [unzip] else mkdir: C:\Users\champ\.cache\firebase\emulators\ui-v1.15.0\client\assets
[debug] [2026-04-28T16:29:19.426Z] [unzip] deflating: C:\Users\champ\.cache\firebase\emulators\ui-v1.15.0\client\assets\index-BX-A56oj.js
[debug] [2026-04-28T16:29:19.464Z] [unzip] Entry: client/assets/index-CjB9C900.css (compressed_size=35979 bytes, uncompressed_size=298654 bytes)
[debug] [2026-04-28T16:29:19.464Z] [unzip] Processing entry: client\assets\index-CjB9C900.css
[debug] [2026-04-28T16:29:19.465Z] [unzip] else mkdir: C:\Users\champ\.cache\firebase\emulators\ui-v1.15.0\client\assets
[debug] [2026-04-28T16:29:19.466Z] [unzip] deflating: C:\Users\champ\.cache\firebase\emulators\ui-v1.15.0\client\assets\index-CjB9C900.css
[debug] [2026-04-28T16:29:19.476Z] [unzip] Entry: client/assets/index-BX-A56oj.js.map (compressed_size=2362482 bytes, uncompressed_size=10036679 bytes)
[debug] [2026-04-28T16:29:19.476Z] [unzip] Processing entry: client\assets\index-BX-A56oj.js.map
[debug] [2026-04-28T16:29:19.476Z] [unzip] else mkdir: C:\Users\champ\.cache\firebase\emulators\ui-v1.15.0\client\assets
[debug] [2026-04-28T16:29:19.478Z] [unzip] deflating: C:\Users\champ\.cache\firebase\emulators\ui-v1.15.0\client\assets\index-BX-A56oj.js.map
[debug] [2026-04-28T16:29:19.637Z] [unzip] Entry: client/assets/extensions/ (compressed_size=0 bytes, uncompressed_size=0 bytes)
[debug] [2026-04-28T16:29:19.637Z] [unzip] Processing entry: client\assets\extensions\
[debug] [2026-04-28T16:29:19.637Z] [unzip] mkdir: C:\Users\champ\.cache\firebase\emulators\ui-v1.15.0\client\assets\extensions\
[debug] [2026-04-28T16:29:19.639Z] [unzip] Entry: client/assets/extensions/default-extension.png (compressed_size=1646 bytes, uncompressed_size=1657 bytes)
[debug] [2026-04-28T16:29:19.639Z] [unzip] Processing entry: client\assets\extensions\default-extension.png
[debug] [2026-04-28T16:29:19.640Z] [unzip] else mkdir: C:\Users\champ\.cache\firebase\emulators\ui-v1.15.0\client\assets\extensions
[debug] [2026-04-28T16:29:19.642Z] [unzip] deflating: C:\Users\champ\.cache\firebase\emulators\ui-v1.15.0\client\assets\extensions\default-extension.png
[debug] [2026-04-28T16:29:19.764Z] [unzip] Entry: client/assets/img/ (compressed_size=0 bytes, uncompressed_size=0 bytes)
[debug] [2026-04-28T16:29:19.765Z] [unzip] Processing entry: client\assets\img\
[debug] [2026-04-28T16:29:19.765Z] [unzip] mkdir: C:\Users\champ\.cache\firebase\emulators\ui-v1.15.0\client\assets\img\
[debug] [2026-04-28T16:29:19.768Z] [unzip] Entry: client/assets/img/database.png (compressed_size=29449 bytes, uncompressed_size=29988 bytes)
[debug] [2026-04-28T16:29:19.769Z] [unzip] Processing entry: client\assets\img\database.png
[debug] [2026-04-28T16:29:19.769Z] [unzip] else mkdir: C:\Users\champ\.cache\firebase\emulators\ui-v1.15.0\client\assets\img
[debug] [2026-04-28T16:29:19.772Z] [unzip] deflating: C:\Users\champ\.cache\firebase\emulators\ui-v1.15.0\client\assets\img\database.png
[debug] [2026-04-28T16:29:19.789Z] [unzip] Entry: client/assets/provider-icons/ (compressed_size=0 bytes, uncompressed_size=0 bytes)
[debug] [2026-04-28T16:29:19.790Z] [unzip] Processing entry: client\assets\provider-icons\
[debug] [2026-04-28T16:29:19.790Z] [unzip] mkdir: C:\Users\champ\.cache\firebase\emulators\ui-v1.15.0\client\assets\provider-icons\
[debug] [2026-04-28T16:29:19.792Z] [unzip] Entry: client/assets/provider-icons/auth_service_saml.svg (compressed_size=575 bytes, uncompressed_size=1226 bytes)
[debug] [2026-04-28T16:29:19.792Z] [unzip] Processing entry: client\assets\provider-icons\auth_service_saml.svg
[debug] [2026-04-28T16:29:19.792Z] [unzip] else mkdir: C:\Users\champ\.cache\firebase\emulators\ui-v1.15.0\client\assets\provider-icons
[debug] [2026-04-28T16:29:19.796Z] [unzip] deflating: C:\Users\champ\.cache\firebase\emulators\ui-v1.15.0\client\assets\provider-icons\auth_service_saml.svg
[debug] [2026-04-28T16:29:19.806Z] [unzip] Entry: client/assets/provider-icons/auth_service_phone.svg (compressed_size=261 bytes, uncompressed_size=414 bytes)
[debug] [2026-04-28T16:29:19.809Z] [unzip] Processing entry: client\assets\provider-icons\auth_service_phone.svg
[debug] [2026-04-28T16:29:19.809Z] [unzip] else mkdir: C:\Users\champ\.cache\firebase\emulators\ui-v1.15.0\client\assets\provider-icons
[debug] [2026-04-28T16:29:19.811Z] [unzip] deflating: C:\Users\champ\.cache\firebase\emulators\ui-v1.15.0\client\assets\provider-icons\auth_service_phone.svg
[debug] [2026-04-28T16:29:19.823Z] [unzip] Entry: client/assets/provider-icons/auth_service_facebook.svg (compressed_size=289 bytes, uncompressed_size=457 bytes)
[debug] [2026-04-28T16:29:19.823Z] [unzip] Processing entry: client\assets\provider-icons\auth_service_facebook.svg
[debug] [2026-04-28T16:29:19.824Z] [unzip] else mkdir: C:\Users\champ\.cache\firebase\emulators\ui-v1.15.0\client\assets\provider-icons
[debug] [2026-04-28T16:29:19.827Z] [unzip] deflating: C:\Users\champ\.cache\firebase\emulators\ui-v1.15.0\client\assets\provider-icons\auth_service_facebook.svg
[debug] [2026-04-28T16:29:19.832Z] [unzip] Entry: client/assets/provider-icons/auth_service_game_center.svg (compressed_size=991 bytes, uncompressed_size=3921 bytes)
[debug] [2026-04-28T16:29:19.833Z] [unzip] Processing entry: client\assets\provider-icons\auth_service_game_center.svg
[debug] [2026-04-28T16:29:19.833Z] [unzip] else mkdir: C:\Users\champ\.cache\firebase\emulators\ui-v1.15.0\client\assets\provider-icons
[debug] [2026-04-28T16:29:19.834Z] [unzip] deflating: C:\Users\champ\.cache\firebase\emulators\ui-v1.15.0\client\assets\provider-icons\auth_service_game_center.svg
[debug] [2026-04-28T16:29:19.849Z] [unzip] Entry: client/assets/provider-icons/auth_service_apple.svg (compressed_size=230 bytes, uncompressed_size=334 bytes)
[debug] [2026-04-28T16:29:19.851Z] [unzip] Processing entry: client\assets\provider-icons\auth_service_apple.svg
[debug] [2026-04-28T16:29:19.851Z] [unzip] else mkdir: C:\Users\champ\.cache\firebase\emulators\ui-v1.15.0\client\assets\provider-icons
[debug] [2026-04-28T16:29:19.853Z] [unzip] deflating: C:\Users\champ\.cache\firebase\emulators\ui-v1.15.0\client\assets\provider-icons\auth_service_apple.svg
[debug] [2026-04-28T16:29:19.861Z] [unzip] Entry: client/assets/provider-icons/auth_service_github.svg (compressed_size=466 bytes, uncompressed_size=838 bytes)
[debug] [2026-04-28T16:29:19.861Z] [unzip] Processing entry: client\assets\provider-icons\auth_service_github.svg
[debug] [2026-04-28T16:29:19.861Z] [unzip] else mkdir: C:\Users\champ\.cache\firebase\emulators\ui-v1.15.0\client\assets\provider-icons
[debug] [2026-04-28T16:29:19.864Z] [unzip] deflating: C:\Users\champ\.cache\firebase\emulators\ui-v1.15.0\client\assets\provider-icons\auth_service_github.svg
[debug] [2026-04-28T16:29:19.876Z] [unzip] Entry: client/assets/provider-icons/auth_service_mslive.svg (compressed_size=203 bytes, uncompressed_size=378 bytes)
[debug] [2026-04-28T16:29:19.877Z] [unzip] Processing entry: client\assets\provider-icons\auth_service_mslive.svg
[debug] [2026-04-28T16:29:19.880Z] [unzip] else mkdir: C:\Users\champ\.cache\firebase\emulators\ui-v1.15.0\client\assets\provider-icons
[debug] [2026-04-28T16:29:19.884Z] [unzip] deflating: C:\Users\champ\.cache\firebase\emulators\ui-v1.15.0\client\assets\provider-icons\auth_service_mslive.svg
[debug] [2026-04-28T16:29:19.888Z] [unzip] Entry: client/assets/provider-icons/auth_service_yahoo.svg (compressed_size=577 bytes, uncompressed_size=1182 bytes)
[debug] [2026-04-28T16:29:19.888Z] [unzip] Processing entry: client\assets\provider-icons\auth_service_yahoo.svg
[debug] [2026-04-28T16:29:19.893Z] [unzip] else mkdir: C:\Users\champ\.cache\firebase\emulators\ui-v1.15.0\client\assets\provider-icons
[debug] [2026-04-28T16:29:19.895Z] [unzip] deflating: C:\Users\champ\.cache\firebase\emulators\ui-v1.15.0\client\assets\provider-icons\auth_service_yahoo.svg
[debug] [2026-04-28T16:29:19.900Z] [unzip] Entry: client/assets/provider-icons/auth_service_twitter.svg (compressed_size=444 bytes, uncompressed_size=751 bytes)
[debug] [2026-04-28T16:29:19.901Z] [unzip] Processing entry: client\assets\provider-icons\auth_service_twitter.svg
[debug] [2026-04-28T16:29:19.901Z] [unzip] else mkdir: C:\Users\champ\.cache\firebase\emulators\ui-v1.15.0\client\assets\provider-icons
[debug] [2026-04-28T16:29:19.902Z] [unzip] deflating: C:\Users\champ\.cache\firebase\emulators\ui-v1.15.0\client\assets\provider-icons\auth_service_twitter.svg
[debug] [2026-04-28T16:29:19.910Z] [unzip] Entry: client/assets/provider-icons/auth_service_play_games.svg (compressed_size=565 bytes, uncompressed_size=1173 bytes)
[debug] [2026-04-28T16:29:19.910Z] [unzip] Processing entry: client\assets\provider-icons\auth_service_play_games.svg
[debug] [2026-04-28T16:29:19.911Z] [unzip] else mkdir: C:\Users\champ\.cache\firebase\emulators\ui-v1.15.0\client\assets\provider-icons
[debug] [2026-04-28T16:29:19.912Z] [unzip] deflating: C:\Users\champ\.cache\firebase\emulators\ui-v1.15.0\client\assets\provider-icons\auth_service_play_games.svg
[debug] [2026-04-28T16:29:19.917Z] [unzip] Entry: client/assets/provider-icons/auth_service_email.svg (compressed_size=228 bytes, uncompressed_size=326 bytes)
[debug] [2026-04-28T16:29:19.918Z] [unzip] Processing entry: client\assets\provider-icons\auth_service_email.svg
[debug] [2026-04-28T16:29:19.918Z] [unzip] else mkdir: C:\Users\champ\.cache\firebase\emulators\ui-v1.15.0\client\assets\provider-icons
[debug] [2026-04-28T16:29:19.920Z] [unzip] deflating: C:\Users\champ\.cache\firebase\emulators\ui-v1.15.0\client\assets\provider-icons\auth_service_email.svg
[debug] [2026-04-28T16:29:19.925Z] [unzip] Entry: client/assets/provider-icons/auth_service_google.svg (compressed_size=409 bytes, uncompressed_size=720 bytes)
[debug] [2026-04-28T16:29:19.926Z] [unzip] Processing entry: client\assets\provider-icons\auth_service_google.svg
[debug] [2026-04-28T16:29:19.927Z] [unzip] else mkdir: C:\Users\champ\.cache\firebase\emulators\ui-v1.15.0\client\assets\provider-icons
[debug] [2026-04-28T16:29:19.928Z] [unzip] deflating: C:\Users\champ\.cache\firebase\emulators\ui-v1.15.0\client\assets\provider-icons\auth_service_google.svg
[debug] [2026-04-28T16:29:19.932Z] [unzip] Entry: client/assets/provider-icons/auth_service_oidc.svg (compressed_size=414 bytes, uncompressed_size=858 bytes)
[debug] [2026-04-28T16:29:19.933Z] [unzip] Processing entry: client\assets\provider-icons\auth_service_oidc.svg
[debug] [2026-04-28T16:29:19.934Z] [unzip] else mkdir: C:\Users\champ\.cache\firebase\emulators\ui-v1.15.0\client\assets\provider-icons
[debug] [2026-04-28T16:29:19.944Z] [unzip] deflating: C:\Users\champ\.cache\firebase\emulators\ui-v1.15.0\client\assets\provider-icons\auth_service_oidc.svg
[debug] [2026-04-28T16:29:19.953Z] [unzip] Entry: client/browserconfig.xml (compressed_size=491 bytes, uncompressed_size=822 bytes)
[debug] [2026-04-28T16:29:19.953Z] [unzip] Processing entry: client\browserconfig.xml
[debug] [2026-04-28T16:29:19.954Z] [unzip] else mkdir: C:\Users\champ\.cache\firebase\emulators\ui-v1.15.0\client
[debug] [2026-04-28T16:29:19.955Z] [unzip] deflating: C:\Users\champ\.cache\firebase\emulators\ui-v1.15.0\client\browserconfig.xml
[debug] [2026-04-28T16:29:19.959Z] [unzip] Entry: client/favicon-32x32.png (compressed_size=475 bytes, uncompressed_size=475 bytes)
[debug] [2026-04-28T16:29:19.960Z] [unzip] Processing entry: client\favicon-32x32.png
[debug] [2026-04-28T16:29:19.960Z] [unzip] else mkdir: C:\Users\champ\.cache\firebase\emulators\ui-v1.15.0\client
[debug] [2026-04-28T16:29:19.961Z] [unzip] Writing file: C:\Users\champ\.cache\firebase\emulators\ui-v1.15.0\client\favicon-32x32.png
[debug] [2026-04-28T16:29:19.964Z] [unzip] Entry: server/ (compressed_size=0 bytes, uncompressed_size=0 bytes)
[debug] [2026-04-28T16:29:19.964Z] [unzip] Processing entry: server\
[debug] [2026-04-28T16:29:19.964Z] [unzip] mkdir: C:\Users\champ\.cache\firebase\emulators\ui-v1.15.0\server\
[debug] [2026-04-28T16:29:19.966Z] [unzip] Entry: server/server.mjs.map (compressed_size=217845 bytes, uncompressed_size=944978 bytes)
[debug] [2026-04-28T16:29:19.966Z] [unzip] Processing entry: server\server.mjs.map
[debug] [2026-04-28T16:29:19.967Z] [unzip] else mkdir: C:\Users\champ\.cache\firebase\emulators\ui-v1.15.0\server
[debug] [2026-04-28T16:29:19.968Z] [unzip] deflating: C:\Users\champ\.cache\firebase\emulators\ui-v1.15.0\server\server.mjs.map
[debug] [2026-04-28T16:29:19.988Z] [unzip] Entry: server/server.mjs (compressed_size=276407 bytes, uncompressed_size=933701 bytes)
[debug] [2026-04-28T16:29:19.989Z] [unzip] Processing entry: server\server.mjs
[debug] [2026-04-28T16:29:19.989Z] [unzip] else mkdir: C:\Users\champ\.cache\firebase\emulators\ui-v1.15.0\server
[debug] [2026-04-28T16:29:19.990Z] [unzip] deflating: C:\Users\champ\.cache\firebase\emulators\ui-v1.15.0\server\server.mjs
